<?xml version="1.0" encoding="UTF-8"?>
<testng-results ignored="0" total="1" passed="1" failed="0" skipped="0">
  <reporter-output>
  </reporter-output>
  <suite started-at="2020-03-02T00:18:19 IST" name="Default suite" finished-at="2020-03-02T00:18:28 IST" duration-ms="8326">
    <groups>
    </groups>
    <test started-at="2020-03-02T00:18:19 IST" name="Default test" finished-at="2020-03-02T00:18:28 IST" duration-ms="8326">
      <class name="TestNG_1">
        <test-method is-config="true" signature="setUp()[pri:0, instance:TestNG_1@33afa13b]" started-at="2020-03-02T00:18:19 IST" name="setUp" finished-at="2020-03-02T00:18:22 IST" duration-ms="2882" status="PASS">
          <reporter-output>
          </reporter-output>
        </test-method> <!-- setUp -->
        <test-method signature="Test()[pri:0, instance:TestNG_1@33afa13b]" started-at="2020-03-02T00:18:22 IST" name="Test" finished-at="2020-03-02T00:18:27 IST" duration-ms="4682" status="PASS">
          <reporter-output>
          </reporter-output>
        </test-method> <!-- Test -->
        <test-method is-config="true" signature="FinishingTest()[pri:0, instance:TestNG_1@33afa13b]" started-at="2020-03-02T00:18:27 IST" name="FinishingTest" finished-at="2020-03-02T00:18:28 IST" duration-ms="744" status="PASS">
          <reporter-output>
          </reporter-output>
        </test-method> <!-- FinishingTest -->
      </class> <!-- TestNG_1 -->
    </test> <!-- Default test -->
  </suite> <!-- Default suite -->
</testng-results>
